============================= test session starts ==============================
platform linux -- Python 3.12.3, pytest-9.0.3, pluggy-1.6.0
rootdir: /data/projects/coke
configfile: pyproject.toml
plugins: xdist-3.8.0, anyio-4.13.0, cov-7.1.0, timeout-2.4.0, asyncio-1.3.0, hypothesis-6.152.3
asyncio: mode=Mode.AUTO, debug=False, asyncio_default_fixture_loop_scope=None, asyncio_default_test_loop_scope=function
collected 812 items

tests/unit/coke/calendar_import/test_calendar_import_routes.py ......    [  0%]
tests/unit/coke/calendar_import/test_calendar_import_schema_contract.py . [  0%]
..                                                                       [  1%]
tests/unit/coke/calendar_import/test_calendar_import_service.py ........ [  2%]
..                                                                       [  2%]
tests/unit/coke/calendar_import/test_google_calendar_client.py ...       [  2%]
tests/unit/coke/channel_reachability/test_channel_reachability_service.py . [  2%]
............................................                             [  8%]
tests/unit/coke/channel_reachability/test_channel_routes.py ............ [  9%]
..........                                                               [ 10%]
tests/unit/coke/channel_reachability/test_provider_adapters.py ......... [ 12%]
.........................................                                [ 17%]
tests/unit/coke/channel_reachability/test_provider_webhooks.py ......... [ 18%]
....                                                                     [ 18%]
tests/unit/coke/channel_reachability/test_wechat_personal_ilink_flow.py . [ 18%]
..........                                                               [ 20%]
tests/unit/coke/conversation_runtime/test_conversation_runtime_service.py . [ 20%]
.........................                                                [ 23%]
tests/unit/coke/conversation_runtime/test_locks.py .....                 [ 23%]
tests/unit/coke/conversation_runtime/test_outbox_relay.py ....           [ 24%]
tests/unit/coke/conversation_runtime/test_schema_contract.py ..          [ 24%]
tests/unit/coke/conversation_runtime/test_stream_consumer.py ...         [ 25%]
tests/unit/coke/deploy/test_clean_compose_deploy_contract.py ........... [ 26%]
...                                                                      [ 26%]
tests/unit/coke/deploy/test_migrate_coke_clean_credentials.py ...        [ 27%]
tests/unit/coke/identity_access/test_access_gate.py ......               [ 27%]
tests/unit/coke/identity_access/test_account_routes.py .....             [ 28%]
tests/unit/coke/identity_access/test_auth_routes.py .................... [ 30%]
.........                                                                [ 32%]
tests/unit/coke/identity_access/test_email_sender.py ....                [ 32%]
tests/unit/coke/identity_access/test_identity_access_service.py ........ [ 33%]
....................................................                     [ 39%]
tests/unit/coke/identity_access/test_subscription_routes.py .....        [ 40%]
tests/unit/coke/llm/test_config.py .......                               [ 41%]
tests/unit/coke/llm/test_interaction_agent.py .......................... [ 44%]
.........................................                                [ 49%]
tests/unit/coke/llm/test_media_model_subset_eval.py ..                   [ 49%]
tests/unit/coke/llm/test_media_text.py .....                             [ 50%]
tests/unit/coke/llm/test_reminder_detector.py .......                    [ 51%]
tests/unit/coke/llm/test_semantic_interpreter.py ....................... [ 54%]
.........                                                                [ 55%]
tests/unit/coke/provider_edges/test_wechat_personal_connector.py ....... [ 56%]
.................                                                        [ 58%]
tests/unit/coke/reminder/test_reminder_calendar_read_model.py ...        [ 58%]
tests/unit/coke/reminder/test_reminder_routes.py .....                   [ 59%]
tests/unit/coke/reminder/test_reminder_scheduler.py ....                 [ 59%]
tests/unit/coke/reminder/test_reminder_schema_contract.py ...            [ 60%]
tests/unit/coke/reminder/test_reminder_service.py ...................... [ 62%]
.                                                                        [ 62%]
tests/unit/coke/settings/test_settings_composition.py ....               [ 63%]
tests/unit/coke/settings/test_settings_routes.py ....                    [ 63%]
tests/unit/coke/settings/test_settings_service.py .....                  [ 64%]
tests/unit/coke/smoke/test_clean_smoke.py ....                           [ 65%]
tests/unit/coke/social_scheduling/test_recoverable_scheduling_intent.py . [ 65%]
.....                                                                    [ 65%]
tests/unit/coke/social_scheduling/test_social_scheduling_repository.py . [ 65%]
.                                                                        [ 66%]
tests/unit/coke/social_scheduling/test_social_scheduling_routes.py ..... [ 66%]
.....                                                                    [ 67%]
tests/unit/coke/social_scheduling/test_social_scheduling_schema_contract.py . [ 67%]
...                                                                      [ 67%]
tests/unit/coke/social_scheduling/test_social_scheduling_service.py .... [ 68%]
.......................                                                  [ 71%]
tests/unit/coke/test_backend_foundation.py ............................. [ 74%]
..............                                                           [ 76%]
tests/unit/coke/test_clean_rebuild_no_legacy_imports.py .                [ 76%]
tests/unit/coke/test_clean_schema_contract.py .......................... [ 79%]
.......                                                                  [ 80%]
tests/unit/coke/test_delivery_lifecycle_callbacks.py ...........         [ 81%]
tests/unit/coke/test_internal_routes.py .....                            [ 82%]
tests/unit/coke/test_scheduler_entrypoint.py ..                          [ 82%]
tests/unit/coke/test_social_scheduling_tool_adapter.py ............      [ 84%]
tests/unit/coke/test_tool_adapter_staging_guards.py ..............       [ 85%]
tests/unit/coke/turn/test_context_components.py ...                      [ 86%]
tests/unit/coke/turn/test_eva_regression_corpus.py .......               [ 87%]
tests/unit/coke/turn/test_output_protocol.py .........                   [ 88%]
tests/unit/coke/turn/test_turn_runner.py ............................... [ 92%]
..............................                                           [ 95%]
tests/unit/coke/worker/test_interactive_supervisor.py ........           [ 96%]
tests/unit/coke/worker/test_media_resolution.py ..                       [ 97%]
tests/unit/coke/worker/test_notification_render_trigger.py ....          [ 97%]
tests/unit/coke/worker/test_waiting_reply.py ....                        [ 98%]
tests/unit/coke/worker/test_worker_topic_resilience.py ................  [100%]

============================= 812 passed in 19.47s =============================
