============================= test session starts ==============================
platform linux -- Python 3.12.3, pytest-9.0.3, pluggy-1.6.0
rootdir: /data/projects/coke
configfile: pyproject.toml
plugins: xdist-3.8.0, anyio-4.13.0, cov-7.1.0, timeout-2.4.0, asyncio-1.3.0, hypothesis-6.152.3
asyncio: mode=Mode.AUTO, debug=False, asyncio_default_fixture_loop_scope=None, asyncio_default_test_loop_scope=function
collected 8 items

tests/unit/coke/conversation_runtime/test_outbox_relay.py ....           [ 50%]
tests/unit/coke/worker/test_waiting_reply.py ..                          [ 75%]
tests/unit/coke/turn/test_turn_runner.py .                               [ 87%]
tests/unit/coke/test_backend_foundation.py .                             [100%]

============================== 8 passed in 3.92s ===============================
